<?xml version="1.0" encoding="UTF-8"?>
<testng-results ignored="0" total="1" passed="1" failed="0" skipped="0">
  <reporter-output>
  </reporter-output>
  <suite started-at="2024-04-02T23:45:10 IST" name="Suite" finished-at="2024-04-02T23:45:18 IST" duration-ms="7565">
    <groups>
    </groups>
    <test started-at="2024-04-02T23:45:10 IST" name="Test" finished-at="2024-04-02T23:45:18 IST" duration-ms="7565">
      <class name="example.NewTest">
        <test-method is-config="true" signature="beforeTest()[pri:0, instance:example.NewTest@16610890]" started-at="2024-04-02T23:45:10 IST" name="beforeTest" finished-at="2024-04-02T23:45:13 IST" duration-ms="2399" status="PASS">
          <reporter-output>
          </reporter-output>
        </test-method> <!-- beforeTest -->
        <test-method signature="testYouTubeTitle()[pri:0, instance:example.NewTest@16610890]" started-at="2024-04-02T23:45:13 IST" name="testYouTubeTitle" finished-at="2024-04-02T23:45:17 IST" duration-ms="4884" status="PASS">
          <reporter-output>
          </reporter-output>
        </test-method> <!-- testYouTubeTitle -->
        <test-method is-config="true" signature="afterTest()[pri:0, instance:example.NewTest@16610890]" started-at="2024-04-02T23:45:17 IST" name="afterTest" finished-at="2024-04-02T23:45:18 IST" duration-ms="234" status="PASS">
          <reporter-output>
          </reporter-output>
        </test-method> <!-- afterTest -->
      </class> <!-- example.NewTest -->
    </test> <!-- Test -->
  </suite> <!-- Suite -->
</testng-results>
